Connecting to database specified by database.yml
Connecting to database specified by database.yml


Started GET "/assets/rails.png" for 127.0.0.1 at 2012-07-25 04:19:17 -0500
Connecting to database specified by database.yml

PG::Error (FATAL:  role "emptyapp" does not exist
):
  activerecord (3.2.6) lib/active_record/connection_adapters/postgresql_adapter.rb:1206:in `initialize'
  activerecord (3.2.6) lib/active_record/connection_adapters/postgresql_adapter.rb:1206:in `new'
  activerecord (3.2.6) lib/active_record/connection_adapters/postgresql_adapter.rb:1206:in `connect'
  activerecord (3.2.6) lib/active_record/connection_adapters/postgresql_adapter.rb:329:in `initialize'
  activerecord (3.2.6) lib/active_record/connection_adapters/postgresql_adapter.rb:28:in `new'
  activerecord (3.2.6) lib/active_record/connection_adapters/postgresql_adapter.rb:28:in `postgresql_connection'
  activerecord (3.2.6) lib/active_record/connection_adapters/abstract/connection_pool.rb:309:in `new_connection'
  activerecord (3.2.6) lib/active_record/connection_adapters/abstract/connection_pool.rb:319:in `checkout_new_connection'
  activerecord (3.2.6) lib/active_record/connection_adapters/abstract/connection_pool.rb:241:in `block (2 levels) in checkout'
  activerecord (3.2.6) lib/active_record/connection_adapters/abstract/connection_pool.rb:236:in `loop'
  activerecord (3.2.6) lib/active_record/connection_adapters/abstract/connection_pool.rb:236:in `block in checkout'
  /Users/michaeltownsend/.rvm/rubies/ruby-1.9.3-p194/lib/ruby/1.9.1/monitor.rb:211:in `mon_synchronize'
  activerecord (3.2.6) lib/active_record/connection_adapters/abstract/connection_pool.rb:233:in `checkout'
  activerecord (3.2.6) lib/active_record/connection_adapters/abstract/connection_pool.rb:96:in `block in connection'
  /Users/michaeltownsend/.rvm/rubies/ruby-1.9.3-p194/lib/ruby/1.9.1/monitor.rb:211:in `mon_synchronize'
  activerecord (3.2.6) lib/active_record/connection_adapters/abstract/connection_pool.rb:95:in `connection'
  activerecord (3.2.6) lib/active_record/connection_adapters/abstract/connection_pool.rb:404:in `retrieve_connection'
  activerecord (3.2.6) lib/active_record/connection_adapters/abstract/connection_specification.rb:168:in `retrieve_connection'
  activerecord (3.2.6) lib/active_record/connection_adapters/abstract/connection_specification.rb:142:in `connection'
  activerecord (3.2.6) lib/active_record/query_cache.rb:67:in `rescue in call'
  activerecord (3.2.6) lib/active_record/query_cache.rb:61:in `call'
  activerecord (3.2.6) lib/active_record/connection_adapters/abstract/connection_pool.rb:473:in `call'
  actionpack (3.2.6) lib/action_dispatch/middleware/callbacks.rb:28:in `block in call'
  activesupport (3.2.6) lib/active_support/callbacks.rb:405:in `_run__2829564844977866394__call__414130025662513334__callbacks'
  activesupport (3.2.6) lib/active_support/callbacks.rb:405:in `__run_callback'
  activesupport (3.2.6) lib/active_support/callbacks.rb:385:in `_run_call_callbacks'
  activesupport (3.2.6) lib/active_support/callbacks.rb:81:in `run_callbacks'
  actionpack (3.2.6) lib/action_dispatch/middleware/callbacks.rb:27:in `call'
  actionpack (3.2.6) lib/action_dispatch/middleware/reloader.rb:65:in `call'
  actionpack (3.2.6) lib/action_dispatch/middleware/remote_ip.rb:31:in `call'
  actionpack (3.2.6) lib/action_dispatch/middleware/debug_exceptions.rb:16:in `call'
  actionpack (3.2.6) lib/action_dispatch/middleware/show_exceptions.rb:56:in `call'
  railties (3.2.6) lib/rails/rack/logger.rb:26:in `call_app'
  railties (3.2.6) lib/rails/rack/logger.rb:16:in `call'
  actionpack (3.2.6) lib/action_dispatch/middleware/request_id.rb:22:in `call'
  rack (1.4.1) lib/rack/methodoverride.rb:21:in `call'
  rack (1.4.1) lib/rack/runtime.rb:17:in `call'
  activesupport (3.2.6) lib/active_support/cache/strategy/local_cache.rb:72:in `call'
  rack (1.4.1) lib/rack/lock.rb:15:in `call'
  actionpack (3.2.6) lib/action_dispatch/middleware/static.rb:62:in `call'
  railties (3.2.6) lib/rails/engine.rb:479:in `call'
  railties (3.2.6) lib/rails/application.rb:220:in `call'
  rack (1.4.1) lib/rack/content_length.rb:14:in `call'
  railties (3.2.6) lib/rails/rack/log_tailer.rb:17:in `call'
  rack (1.4.1) lib/rack/handler/webrick.rb:59:in `service'
  /Users/michaeltownsend/.rvm/rubies/ruby-1.9.3-p194/lib/ruby/1.9.1/webrick/httpserver.rb:138:in `service'
  /Users/michaeltownsend/.rvm/rubies/ruby-1.9.3-p194/lib/ruby/1.9.1/webrick/httpserver.rb:94:in `run'
  /Users/michaeltownsend/.rvm/rubies/ruby-1.9.3-p194/lib/ruby/1.9.1/webrick/server.rb:191:in `block in start_thread'


  Rendered /Users/michaeltownsend/.rvm/gems/ruby-1.9.3-p194/gems/actionpack-3.2.6/lib/action_dispatch/middleware/templates/rescues/_trace.erb (10.6ms)
  Rendered /Users/michaeltownsend/.rvm/gems/ruby-1.9.3-p194/gems/actionpack-3.2.6/lib/action_dispatch/middleware/templates/rescues/_request_and_response.erb (4.5ms)
  Rendered /Users/michaeltownsend/.rvm/gems/ruby-1.9.3-p194/gems/actionpack-3.2.6/lib/action_dispatch/middleware/templates/rescues/diagnostics.erb within rescues/layout (36.2ms)


Started GET "/posts" for 127.0.0.1 at 2012-07-25 04:19:25 -0500

PG::Error (FATAL:  role "emptyapp" does not exist
):
  activerecord (3.2.6) lib/active_record/connection_adapters/postgresql_adapter.rb:1206:in `initialize'
  activerecord (3.2.6) lib/active_record/connection_adapters/postgresql_adapter.rb:1206:in `new'
  activerecord (3.2.6) lib/active_record/connection_adapters/postgresql_adapter.rb:1206:in `connect'
  activerecord (3.2.6) lib/active_record/connection_adapters/postgresql_adapter.rb:329:in `initialize'
  activerecord (3.2.6) lib/active_record/connection_adapters/postgresql_adapter.rb:28:in `new'
  activerecord (3.2.6) lib/active_record/connection_adapters/postgresql_adapter.rb:28:in `postgresql_connection'
  activerecord (3.2.6) lib/active_record/connection_adapters/abstract/connection_pool.rb:309:in `new_connection'
  activerecord (3.2.6) lib/active_record/connection_adapters/abstract/connection_pool.rb:319:in `checkout_new_connection'
  activerecord (3.2.6) lib/active_record/connection_adapters/abstract/connection_pool.rb:241:in `block (2 levels) in checkout'
  activerecord (3.2.6) lib/active_record/connection_adapters/abstract/connection_pool.rb:236:in `loop'
  activerecord (3.2.6) lib/active_record/connection_adapters/abstract/connection_pool.rb:236:in `block in checkout'
  /Users/michaeltownsend/.rvm/rubies/ruby-1.9.3-p194/lib/ruby/1.9.1/monitor.rb:211:in `mon_synchronize'
  activerecord (3.2.6) lib/active_record/connection_adapters/abstract/connection_pool.rb:233:in `checkout'
  activerecord (3.2.6) lib/active_record/connection_adapters/abstract/connection_pool.rb:96:in `block in connection'
  /Users/michaeltownsend/.rvm/rubies/ruby-1.9.3-p194/lib/ruby/1.9.1/monitor.rb:211:in `mon_synchronize'
  activerecord (3.2.6) lib/active_record/connection_adapters/abstract/connection_pool.rb:95:in `connection'
  activerecord (3.2.6) lib/active_record/connection_adapters/abstract/connection_pool.rb:404:in `retrieve_connection'
  activerecord (3.2.6) lib/active_record/connection_adapters/abstract/connection_specification.rb:168:in `retrieve_connection'
  activerecord (3.2.6) lib/active_record/connection_adapters/abstract/connection_specification.rb:142:in `connection'
  activerecord (3.2.6) lib/active_record/query_cache.rb:67:in `rescue in call'
  activerecord (3.2.6) lib/active_record/query_cache.rb:61:in `call'
  activerecord (3.2.6) lib/active_record/connection_adapters/abstract/connection_pool.rb:473:in `call'
  actionpack (3.2.6) lib/action_dispatch/middleware/callbacks.rb:28:in `block in call'
  activesupport (3.2.6) lib/active_support/callbacks.rb:405:in `_run__2829564844977866394__call__414130025662513334__callbacks'
  activesupport (3.2.6) lib/active_support/callbacks.rb:405:in `__run_callback'
  activesupport (3.2.6) lib/active_support/callbacks.rb:385:in `_run_call_callbacks'
  activesupport (3.2.6) lib/active_support/callbacks.rb:81:in `run_callbacks'
  actionpack (3.2.6) lib/action_dispatch/middleware/callbacks.rb:27:in `call'
  actionpack (3.2.6) lib/action_dispatch/middleware/reloader.rb:65:in `call'
  actionpack (3.2.6) lib/action_dispatch/middleware/remote_ip.rb:31:in `call'
  actionpack (3.2.6) lib/action_dispatch/middleware/debug_exceptions.rb:16:in `call'
  actionpack (3.2.6) lib/action_dispatch/middleware/show_exceptions.rb:56:in `call'
  railties (3.2.6) lib/rails/rack/logger.rb:26:in `call_app'
  railties (3.2.6) lib/rails/rack/logger.rb:16:in `call'
  actionpack (3.2.6) lib/action_dispatch/middleware/request_id.rb:22:in `call'
  rack (1.4.1) lib/rack/methodoverride.rb:21:in `call'
  rack (1.4.1) lib/rack/runtime.rb:17:in `call'
  activesupport (3.2.6) lib/active_support/cache/strategy/local_cache.rb:72:in `call'
  rack (1.4.1) lib/rack/lock.rb:15:in `call'
  actionpack (3.2.6) lib/action_dispatch/middleware/static.rb:62:in `call'
  railties (3.2.6) lib/rails/engine.rb:479:in `call'
  railties (3.2.6) lib/rails/application.rb:220:in `call'
  rack (1.4.1) lib/rack/content_length.rb:14:in `call'
  railties (3.2.6) lib/rails/rack/log_tailer.rb:17:in `call'
  rack (1.4.1) lib/rack/handler/webrick.rb:59:in `service'
  /Users/michaeltownsend/.rvm/rubies/ruby-1.9.3-p194/lib/ruby/1.9.1/webrick/httpserver.rb:138:in `service'
  /Users/michaeltownsend/.rvm/rubies/ruby-1.9.3-p194/lib/ruby/1.9.1/webrick/httpserver.rb:94:in `run'
  /Users/michaeltownsend/.rvm/rubies/ruby-1.9.3-p194/lib/ruby/1.9.1/webrick/server.rb:191:in `block in start_thread'


  Rendered /Users/michaeltownsend/.rvm/gems/ruby-1.9.3-p194/gems/actionpack-3.2.6/lib/action_dispatch/middleware/templates/rescues/_trace.erb (3.7ms)
  Rendered /Users/michaeltownsend/.rvm/gems/ruby-1.9.3-p194/gems/actionpack-3.2.6/lib/action_dispatch/middleware/templates/rescues/_request_and_response.erb (1.4ms)
  Rendered /Users/michaeltownsend/.rvm/gems/ruby-1.9.3-p194/gems/actionpack-3.2.6/lib/action_dispatch/middleware/templates/rescues/diagnostics.erb within rescues/layout (14.7ms)


Started GET "/post" for 127.0.0.1 at 2012-07-25 04:20:06 -0500
Connecting to database specified by database.yml

PG::Error (FATAL:  role "emptyapp" does not exist
):
  activerecord (3.2.6) lib/active_record/connection_adapters/postgresql_adapter.rb:1206:in `initialize'
  activerecord (3.2.6) lib/active_record/connection_adapters/postgresql_adapter.rb:1206:in `new'
  activerecord (3.2.6) lib/active_record/connection_adapters/postgresql_adapter.rb:1206:in `connect'
  activerecord (3.2.6) lib/active_record/connection_adapters/postgresql_adapter.rb:329:in `initialize'
  activerecord (3.2.6) lib/active_record/connection_adapters/postgresql_adapter.rb:28:in `new'
  activerecord (3.2.6) lib/active_record/connection_adapters/postgresql_adapter.rb:28:in `postgresql_connection'
  activerecord (3.2.6) lib/active_record/connection_adapters/abstract/connection_pool.rb:309:in `new_connection'
  activerecord (3.2.6) lib/active_record/connection_adapters/abstract/connection_pool.rb:319:in `checkout_new_connection'
  activerecord (3.2.6) lib/active_record/connection_adapters/abstract/connection_pool.rb:241:in `block (2 levels) in checkout'
  activerecord (3.2.6) lib/active_record/connection_adapters/abstract/connection_pool.rb:236:in `loop'
  activerecord (3.2.6) lib/active_record/connection_adapters/abstract/connection_pool.rb:236:in `block in checkout'
  /Users/michaeltownsend/.rvm/rubies/ruby-1.9.3-p194/lib/ruby/1.9.1/monitor.rb:211:in `mon_synchronize'
  activerecord (3.2.6) lib/active_record/connection_adapters/abstract/connection_pool.rb:233:in `checkout'
  activerecord (3.2.6) lib/active_record/connection_adapters/abstract/connection_pool.rb:96:in `block in connection'
  /Users/michaeltownsend/.rvm/rubies/ruby-1.9.3-p194/lib/ruby/1.9.1/monitor.rb:211:in `mon_synchronize'
  activerecord (3.2.6) lib/active_record/connection_adapters/abstract/connection_pool.rb:95:in `connection'
  activerecord (3.2.6) lib/active_record/connection_adapters/abstract/connection_pool.rb:404:in `retrieve_connection'
  activerecord (3.2.6) lib/active_record/connection_adapters/abstract/connection_specification.rb:168:in `retrieve_connection'
  activerecord (3.2.6) lib/active_record/connection_adapters/abstract/connection_specification.rb:142:in `connection'
  activerecord (3.2.6) lib/active_record/query_cache.rb:67:in `rescue in call'
  activerecord (3.2.6) lib/active_record/query_cache.rb:61:in `call'
  activerecord (3.2.6) lib/active_record/connection_adapters/abstract/connection_pool.rb:473:in `call'
  actionpack (3.2.6) lib/action_dispatch/middleware/callbacks.rb:28:in `block in call'
  activesupport (3.2.6) lib/active_support/callbacks.rb:405:in `_run__4337841651842003698__call__4312370212864473243__callbacks'
  activesupport (3.2.6) lib/active_support/callbacks.rb:405:in `__run_callback'
  activesupport (3.2.6) lib/active_support/callbacks.rb:385:in `_run_call_callbacks'
  activesupport (3.2.6) lib/active_support/callbacks.rb:81:in `run_callbacks'
  actionpack (3.2.6) lib/action_dispatch/middleware/callbacks.rb:27:in `call'
  actionpack (3.2.6) lib/action_dispatch/middleware/reloader.rb:65:in `call'
  actionpack (3.2.6) lib/action_dispatch/middleware/remote_ip.rb:31:in `call'
  actionpack (3.2.6) lib/action_dispatch/middleware/debug_exceptions.rb:16:in `call'
  actionpack (3.2.6) lib/action_dispatch/middleware/show_exceptions.rb:56:in `call'
  railties (3.2.6) lib/rails/rack/logger.rb:26:in `call_app'
  railties (3.2.6) lib/rails/rack/logger.rb:16:in `call'
  actionpack (3.2.6) lib/action_dispatch/middleware/request_id.rb:22:in `call'
  rack (1.4.1) lib/rack/methodoverride.rb:21:in `call'
  rack (1.4.1) lib/rack/runtime.rb:17:in `call'
  activesupport (3.2.6) lib/active_support/cache/strategy/local_cache.rb:72:in `call'
  rack (1.4.1) lib/rack/lock.rb:15:in `call'
  actionpack (3.2.6) lib/action_dispatch/middleware/static.rb:62:in `call'
  railties (3.2.6) lib/rails/engine.rb:479:in `call'
  railties (3.2.6) lib/rails/application.rb:220:in `call'
  rack (1.4.1) lib/rack/content_length.rb:14:in `call'
  railties (3.2.6) lib/rails/rack/log_tailer.rb:17:in `call'
  rack (1.4.1) lib/rack/handler/webrick.rb:59:in `service'
  /Users/michaeltownsend/.rvm/rubies/ruby-1.9.3-p194/lib/ruby/1.9.1/webrick/httpserver.rb:138:in `service'
  /Users/michaeltownsend/.rvm/rubies/ruby-1.9.3-p194/lib/ruby/1.9.1/webrick/httpserver.rb:94:in `run'
  /Users/michaeltownsend/.rvm/rubies/ruby-1.9.3-p194/lib/ruby/1.9.1/webrick/server.rb:191:in `block in start_thread'


  Rendered /Users/michaeltownsend/.rvm/gems/ruby-1.9.3-p194/gems/actionpack-3.2.6/lib/action_dispatch/middleware/templates/rescues/_trace.erb (3.9ms)
  Rendered /Users/michaeltownsend/.rvm/gems/ruby-1.9.3-p194/gems/actionpack-3.2.6/lib/action_dispatch/middleware/templates/rescues/_request_and_response.erb (3.6ms)
  Rendered /Users/michaeltownsend/.rvm/gems/ruby-1.9.3-p194/gems/actionpack-3.2.6/lib/action_dispatch/middleware/templates/rescues/diagnostics.erb within rescues/layout (26.0ms)


Started GET "/post" for 127.0.0.1 at 2012-07-25 04:20:08 -0500

PG::Error (FATAL:  role "emptyapp" does not exist
):
  activerecord (3.2.6) lib/active_record/connection_adapters/postgresql_adapter.rb:1206:in `initialize'
  activerecord (3.2.6) lib/active_record/connection_adapters/postgresql_adapter.rb:1206:in `new'
  activerecord (3.2.6) lib/active_record/connection_adapters/postgresql_adapter.rb:1206:in `connect'
  activerecord (3.2.6) lib/active_record/connection_adapters/postgresql_adapter.rb:329:in `initialize'
  activerecord (3.2.6) lib/active_record/connection_adapters/postgresql_adapter.rb:28:in `new'
  activerecord (3.2.6) lib/active_record/connection_adapters/postgresql_adapter.rb:28:in `postgresql_connection'
  activerecord (3.2.6) lib/active_record/connection_adapters/abstract/connection_pool.rb:309:in `new_connection'
  activerecord (3.2.6) lib/active_record/connection_adapters/abstract/connection_pool.rb:319:in `checkout_new_connection'
  activerecord (3.2.6) lib/active_record/connection_adapters/abstract/connection_pool.rb:241:in `block (2 levels) in checkout'
  activerecord (3.2.6) lib/active_record/connection_adapters/abstract/connection_pool.rb:236:in `loop'
  activerecord (3.2.6) lib/active_record/connection_adapters/abstract/connection_pool.rb:236:in `block in checkout'
  /Users/michaeltownsend/.rvm/rubies/ruby-1.9.3-p194/lib/ruby/1.9.1/monitor.rb:211:in `mon_synchronize'
  activerecord (3.2.6) lib/active_record/connection_adapters/abstract/connection_pool.rb:233:in `checkout'
  activerecord (3.2.6) lib/active_record/connection_adapters/abstract/connection_pool.rb:96:in `block in connection'
  /Users/michaeltownsend/.rvm/rubies/ruby-1.9.3-p194/lib/ruby/1.9.1/monitor.rb:211:in `mon_synchronize'
  activerecord (3.2.6) lib/active_record/connection_adapters/abstract/connection_pool.rb:95:in `connection'
  activerecord (3.2.6) lib/active_record/connection_adapters/abstract/connection_pool.rb:404:in `retrieve_connection'
  activerecord (3.2.6) lib/active_record/connection_adapters/abstract/connection_specification.rb:168:in `retrieve_connection'
  activerecord (3.2.6) lib/active_record/connection_adapters/abstract/connection_specification.rb:142:in `connection'
  activerecord (3.2.6) lib/active_record/query_cache.rb:67:in `rescue in call'
  activerecord (3.2.6) lib/active_record/query_cache.rb:61:in `call'
  activerecord (3.2.6) lib/active_record/connection_adapters/abstract/connection_pool.rb:473:in `call'
  actionpack (3.2.6) lib/action_dispatch/middleware/callbacks.rb:28:in `block in call'
  activesupport (3.2.6) lib/active_support/callbacks.rb:405:in `_run__4337841651842003698__call__4312370212864473243__callbacks'
  activesupport (3.2.6) lib/active_support/callbacks.rb:405:in `__run_callback'
  activesupport (3.2.6) lib/active_support/callbacks.rb:385:in `_run_call_callbacks'
  activesupport (3.2.6) lib/active_support/callbacks.rb:81:in `run_callbacks'
  actionpack (3.2.6) lib/action_dispatch/middleware/callbacks.rb:27:in `call'
  actionpack (3.2.6) lib/action_dispatch/middleware/reloader.rb:65:in `call'
  actionpack (3.2.6) lib/action_dispatch/middleware/remote_ip.rb:31:in `call'
  actionpack (3.2.6) lib/action_dispatch/middleware/debug_exceptions.rb:16:in `call'
  actionpack (3.2.6) lib/action_dispatch/middleware/show_exceptions.rb:56:in `call'
  railties (3.2.6) lib/rails/rack/logger.rb:26:in `call_app'
  railties (3.2.6) lib/rails/rack/logger.rb:16:in `call'
  actionpack (3.2.6) lib/action_dispatch/middleware/request_id.rb:22:in `call'
  rack (1.4.1) lib/rack/methodoverride.rb:21:in `call'
  rack (1.4.1) lib/rack/runtime.rb:17:in `call'
  activesupport (3.2.6) lib/active_support/cache/strategy/local_cache.rb:72:in `call'
  rack (1.4.1) lib/rack/lock.rb:15:in `call'
  actionpack (3.2.6) lib/action_dispatch/middleware/static.rb:62:in `call'
  railties (3.2.6) lib/rails/engine.rb:479:in `call'
  railties (3.2.6) lib/rails/application.rb:220:in `call'
  rack (1.4.1) lib/rack/content_length.rb:14:in `call'
  railties (3.2.6) lib/rails/rack/log_tailer.rb:17:in `call'
  rack (1.4.1) lib/rack/handler/webrick.rb:59:in `service'
  /Users/michaeltownsend/.rvm/rubies/ruby-1.9.3-p194/lib/ruby/1.9.1/webrick/httpserver.rb:138:in `service'
  /Users/michaeltownsend/.rvm/rubies/ruby-1.9.3-p194/lib/ruby/1.9.1/webrick/httpserver.rb:94:in `run'
  /Users/michaeltownsend/.rvm/rubies/ruby-1.9.3-p194/lib/ruby/1.9.1/webrick/server.rb:191:in `block in start_thread'


  Rendered /Users/michaeltownsend/.rvm/gems/ruby-1.9.3-p194/gems/actionpack-3.2.6/lib/action_dispatch/middleware/templates/rescues/_trace.erb (3.8ms)
  Rendered /Users/michaeltownsend/.rvm/gems/ruby-1.9.3-p194/gems/actionpack-3.2.6/lib/action_dispatch/middleware/templates/rescues/_request_and_response.erb (1.6ms)
  Rendered /Users/michaeltownsend/.rvm/gems/ruby-1.9.3-p194/gems/actionpack-3.2.6/lib/action_dispatch/middleware/templates/rescues/diagnostics.erb within rescues/layout (15.2ms)


Started GET "/post" for 127.0.0.1 at 2012-07-25 04:20:09 -0500

PG::Error (FATAL:  role "emptyapp" does not exist
):
  activerecord (3.2.6) lib/active_record/connection_adapters/postgresql_adapter.rb:1206:in `initialize'
  activerecord (3.2.6) lib/active_record/connection_adapters/postgresql_adapter.rb:1206:in `new'
  activerecord (3.2.6) lib/active_record/connection_adapters/postgresql_adapter.rb:1206:in `connect'
  activerecord (3.2.6) lib/active_record/connection_adapters/postgresql_adapter.rb:329:in `initialize'
  activerecord (3.2.6) lib/active_record/connection_adapters/postgresql_adapter.rb:28:in `new'
  activerecord (3.2.6) lib/active_record/connection_adapters/postgresql_adapter.rb:28:in `postgresql_connection'
  activerecord (3.2.6) lib/active_record/connection_adapters/abstract/connection_pool.rb:309:in `new_connection'
  activerecord (3.2.6) lib/active_record/connection_adapters/abstract/connection_pool.rb:319:in `checkout_new_connection'
  activerecord (3.2.6) lib/active_record/connection_adapters/abstract/connection_pool.rb:241:in `block (2 levels) in checkout'
  activerecord (3.2.6) lib/active_record/connection_adapters/abstract/connection_pool.rb:236:in `loop'
  activerecord (3.2.6) lib/active_record/connection_adapters/abstract/connection_pool.rb:236:in `block in checkout'
  /Users/michaeltownsend/.rvm/rubies/ruby-1.9.3-p194/lib/ruby/1.9.1/monitor.rb:211:in `mon_synchronize'
  activerecord (3.2.6) lib/active_record/connection_adapters/abstract/connection_pool.rb:233:in `checkout'
  activerecord (3.2.6) lib/active_record/connection_adapters/abstract/connection_pool.rb:96:in `block in connection'
  /Users/michaeltownsend/.rvm/rubies/ruby-1.9.3-p194/lib/ruby/1.9.1/monitor.rb:211:in `mon_synchronize'
  activerecord (3.2.6) lib/active_record/connection_adapters/abstract/connection_pool.rb:95:in `connection'
  activerecord (3.2.6) lib/active_record/connection_adapters/abstract/connection_pool.rb:404:in `retrieve_connection'
  activerecord (3.2.6) lib/active_record/connection_adapters/abstract/connection_specification.rb:168:in `retrieve_connection'
  activerecord (3.2.6) lib/active_record/connection_adapters/abstract/connection_specification.rb:142:in `connection'
  activerecord (3.2.6) lib/active_record/query_cache.rb:67:in `rescue in call'
  activerecord (3.2.6) lib/active_record/query_cache.rb:61:in `call'
  activerecord (3.2.6) lib/active_record/connection_adapters/abstract/connection_pool.rb:473:in `call'
  actionpack (3.2.6) lib/action_dispatch/middleware/callbacks.rb:28:in `block in call'
  activesupport (3.2.6) lib/active_support/callbacks.rb:405:in `_run__4337841651842003698__call__4312370212864473243__callbacks'
  activesupport (3.2.6) lib/active_support/callbacks.rb:405:in `__run_callback'
  activesupport (3.2.6) lib/active_support/callbacks.rb:385:in `_run_call_callbacks'
  activesupport (3.2.6) lib/active_support/callbacks.rb:81:in `run_callbacks'
  actionpack (3.2.6) lib/action_dispatch/middleware/callbacks.rb:27:in `call'
  actionpack (3.2.6) lib/action_dispatch/middleware/reloader.rb:65:in `call'
  actionpack (3.2.6) lib/action_dispatch/middleware/remote_ip.rb:31:in `call'
  actionpack (3.2.6) lib/action_dispatch/middleware/debug_exceptions.rb:16:in `call'
  actionpack (3.2.6) lib/action_dispatch/middleware/show_exceptions.rb:56:in `call'
  railties (3.2.6) lib/rails/rack/logger.rb:26:in `call_app'
  railties (3.2.6) lib/rails/rack/logger.rb:16:in `call'
  actionpack (3.2.6) lib/action_dispatch/middleware/request_id.rb:22:in `call'
  rack (1.4.1) lib/rack/methodoverride.rb:21:in `call'
  rack (1.4.1) lib/rack/runtime.rb:17:in `call'
  activesupport (3.2.6) lib/active_support/cache/strategy/local_cache.rb:72:in `call'
  rack (1.4.1) lib/rack/lock.rb:15:in `call'
  actionpack (3.2.6) lib/action_dispatch/middleware/static.rb:62:in `call'
  railties (3.2.6) lib/rails/engine.rb:479:in `call'
  railties (3.2.6) lib/rails/application.rb:220:in `call'
  rack (1.4.1) lib/rack/content_length.rb:14:in `call'
  railties (3.2.6) lib/rails/rack/log_tailer.rb:17:in `call'
  rack (1.4.1) lib/rack/handler/webrick.rb:59:in `service'
  /Users/michaeltownsend/.rvm/rubies/ruby-1.9.3-p194/lib/ruby/1.9.1/webrick/httpserver.rb:138:in `service'
  /Users/michaeltownsend/.rvm/rubies/ruby-1.9.3-p194/lib/ruby/1.9.1/webrick/httpserver.rb:94:in `run'
  /Users/michaeltownsend/.rvm/rubies/ruby-1.9.3-p194/lib/ruby/1.9.1/webrick/server.rb:191:in `block in start_thread'


  Rendered /Users/michaeltownsend/.rvm/gems/ruby-1.9.3-p194/gems/actionpack-3.2.6/lib/action_dispatch/middleware/templates/rescues/_trace.erb (3.8ms)
  Rendered /Users/michaeltownsend/.rvm/gems/ruby-1.9.3-p194/gems/actionpack-3.2.6/lib/action_dispatch/middleware/templates/rescues/_request_and_response.erb (1.5ms)
  Rendered /Users/michaeltownsend/.rvm/gems/ruby-1.9.3-p194/gems/actionpack-3.2.6/lib/action_dispatch/middleware/templates/rescues/diagnostics.erb within rescues/layout (15.4ms)


Started GET "/posts" for 127.0.0.1 at 2012-07-25 04:20:15 -0500

PG::Error (FATAL:  role "emptyapp" does not exist
):
  activerecord (3.2.6) lib/active_record/connection_adapters/postgresql_adapter.rb:1206:in `initialize'
  activerecord (3.2.6) lib/active_record/connection_adapters/postgresql_adapter.rb:1206:in `new'
  activerecord (3.2.6) lib/active_record/connection_adapters/postgresql_adapter.rb:1206:in `connect'
  activerecord (3.2.6) lib/active_record/connection_adapters/postgresql_adapter.rb:329:in `initialize'
  activerecord (3.2.6) lib/active_record/connection_adapters/postgresql_adapter.rb:28:in `new'
  activerecord (3.2.6) lib/active_record/connection_adapters/postgresql_adapter.rb:28:in `postgresql_connection'
  activerecord (3.2.6) lib/active_record/connection_adapters/abstract/connection_pool.rb:309:in `new_connection'
  activerecord (3.2.6) lib/active_record/connection_adapters/abstract/connection_pool.rb:319:in `checkout_new_connection'
  activerecord (3.2.6) lib/active_record/connection_adapters/abstract/connection_pool.rb:241:in `block (2 levels) in checkout'
  activerecord (3.2.6) lib/active_record/connection_adapters/abstract/connection_pool.rb:236:in `loop'
  activerecord (3.2.6) lib/active_record/connection_adapters/abstract/connection_pool.rb:236:in `block in checkout'
  /Users/michaeltownsend/.rvm/rubies/ruby-1.9.3-p194/lib/ruby/1.9.1/monitor.rb:211:in `mon_synchronize'
  activerecord (3.2.6) lib/active_record/connection_adapters/abstract/connection_pool.rb:233:in `checkout'
  activerecord (3.2.6) lib/active_record/connection_adapters/abstract/connection_pool.rb:96:in `block in connection'
  /Users/michaeltownsend/.rvm/rubies/ruby-1.9.3-p194/lib/ruby/1.9.1/monitor.rb:211:in `mon_synchronize'
  activerecord (3.2.6) lib/active_record/connection_adapters/abstract/connection_pool.rb:95:in `connection'
  activerecord (3.2.6) lib/active_record/connection_adapters/abstract/connection_pool.rb:404:in `retrieve_connection'
  activerecord (3.2.6) lib/active_record/connection_adapters/abstract/connection_specification.rb:168:in `retrieve_connection'
  activerecord (3.2.6) lib/active_record/connection_adapters/abstract/connection_specification.rb:142:in `connection'
  activerecord (3.2.6) lib/active_record/query_cache.rb:67:in `rescue in call'
  activerecord (3.2.6) lib/active_record/query_cache.rb:61:in `call'
  activerecord (3.2.6) lib/active_record/connection_adapters/abstract/connection_pool.rb:473:in `call'
  actionpack (3.2.6) lib/action_dispatch/middleware/callbacks.rb:28:in `block in call'
  activesupport (3.2.6) lib/active_support/callbacks.rb:405:in `_run__4337841651842003698__call__4312370212864473243__callbacks'
  activesupport (3.2.6) lib/active_support/callbacks.rb:405:in `__run_callback'
  activesupport (3.2.6) lib/active_support/callbacks.rb:385:in `_run_call_callbacks'
  activesupport (3.2.6) lib/active_support/callbacks.rb:81:in `run_callbacks'
  actionpack (3.2.6) lib/action_dispatch/middleware/callbacks.rb:27:in `call'
  actionpack (3.2.6) lib/action_dispatch/middleware/reloader.rb:65:in `call'
  actionpack (3.2.6) lib/action_dispatch/middleware/remote_ip.rb:31:in `call'
  actionpack (3.2.6) lib/action_dispatch/middleware/debug_exceptions.rb:16:in `call'
  actionpack (3.2.6) lib/action_dispatch/middleware/show_exceptions.rb:56:in `call'
  railties (3.2.6) lib/rails/rack/logger.rb:26:in `call_app'
  railties (3.2.6) lib/rails/rack/logger.rb:16:in `call'
  actionpack (3.2.6) lib/action_dispatch/middleware/request_id.rb:22:in `call'
  rack (1.4.1) lib/rack/methodoverride.rb:21:in `call'
  rack (1.4.1) lib/rack/runtime.rb:17:in `call'
  activesupport (3.2.6) lib/active_support/cache/strategy/local_cache.rb:72:in `call'
  rack (1.4.1) lib/rack/lock.rb:15:in `call'
  actionpack (3.2.6) lib/action_dispatch/middleware/static.rb:62:in `call'
  railties (3.2.6) lib/rails/engine.rb:479:in `call'
  railties (3.2.6) lib/rails/application.rb:220:in `call'
  rack (1.4.1) lib/rack/content_length.rb:14:in `call'
  railties (3.2.6) lib/rails/rack/log_tailer.rb:17:in `call'
  rack (1.4.1) lib/rack/handler/webrick.rb:59:in `service'
  /Users/michaeltownsend/.rvm/rubies/ruby-1.9.3-p194/lib/ruby/1.9.1/webrick/httpserver.rb:138:in `service'
  /Users/michaeltownsend/.rvm/rubies/ruby-1.9.3-p194/lib/ruby/1.9.1/webrick/httpserver.rb:94:in `run'
  /Users/michaeltownsend/.rvm/rubies/ruby-1.9.3-p194/lib/ruby/1.9.1/webrick/server.rb:191:in `block in start_thread'


  Rendered /Users/michaeltownsend/.rvm/gems/ruby-1.9.3-p194/gems/actionpack-3.2.6/lib/action_dispatch/middleware/templates/rescues/_trace.erb (3.9ms)
  Rendered /Users/michaeltownsend/.rvm/gems/ruby-1.9.3-p194/gems/actionpack-3.2.6/lib/action_dispatch/middleware/templates/rescues/_request_and_response.erb (1.4ms)
  Rendered /Users/michaeltownsend/.rvm/gems/ruby-1.9.3-p194/gems/actionpack-3.2.6/lib/action_dispatch/middleware/templates/rescues/diagnostics.erb within rescues/layout (15.6ms)


Started GET "/assets/rails.png" for 127.0.0.1 at 2012-07-25 04:20:21 -0500

PG::Error (FATAL:  role "emptyapp" does not exist
):
  activerecord (3.2.6) lib/active_record/connection_adapters/postgresql_adapter.rb:1206:in `initialize'
  activerecord (3.2.6) lib/active_record/connection_adapters/postgresql_adapter.rb:1206:in `new'
  activerecord (3.2.6) lib/active_record/connection_adapters/postgresql_adapter.rb:1206:in `connect'
  activerecord (3.2.6) lib/active_record/connection_adapters/postgresql_adapter.rb:329:in `initialize'
  activerecord (3.2.6) lib/active_record/connection_adapters/postgresql_adapter.rb:28:in `new'
  activerecord (3.2.6) lib/active_record/connection_adapters/postgresql_adapter.rb:28:in `postgresql_connection'
  activerecord (3.2.6) lib/active_record/connection_adapters/abstract/connection_pool.rb:309:in `new_connection'
  activerecord (3.2.6) lib/active_record/connection_adapters/abstract/connection_pool.rb:319:in `checkout_new_connection'
  activerecord (3.2.6) lib/active_record/connection_adapters/abstract/connection_pool.rb:241:in `block (2 levels) in checkout'
  activerecord (3.2.6) lib/active_record/connection_adapters/abstract/connection_pool.rb:236:in `loop'
  activerecord (3.2.6) lib/active_record/connection_adapters/abstract/connection_pool.rb:236:in `block in checkout'
  /Users/michaeltownsend/.rvm/rubies/ruby-1.9.3-p194/lib/ruby/1.9.1/monitor.rb:211:in `mon_synchronize'
  activerecord (3.2.6) lib/active_record/connection_adapters/abstract/connection_pool.rb:233:in `checkout'
  activerecord (3.2.6) lib/active_record/connection_adapters/abstract/connection_pool.rb:96:in `block in connection'
  /Users/michaeltownsend/.rvm/rubies/ruby-1.9.3-p194/lib/ruby/1.9.1/monitor.rb:211:in `mon_synchronize'
  activerecord (3.2.6) lib/active_record/connection_adapters/abstract/connection_pool.rb:95:in `connection'
  activerecord (3.2.6) lib/active_record/connection_adapters/abstract/connection_pool.rb:404:in `retrieve_connection'
  activerecord (3.2.6) lib/active_record/connection_adapters/abstract/connection_specification.rb:168:in `retrieve_connection'
  activerecord (3.2.6) lib/active_record/connection_adapters/abstract/connection_specification.rb:142:in `connection'
  activerecord (3.2.6) lib/active_record/query_cache.rb:67:in `rescue in call'
  activerecord (3.2.6) lib/active_record/query_cache.rb:61:in `call'
  activerecord (3.2.6) lib/active_record/connection_adapters/abstract/connection_pool.rb:473:in `call'
  actionpack (3.2.6) lib/action_dispatch/middleware/callbacks.rb:28:in `block in call'
  activesupport (3.2.6) lib/active_support/callbacks.rb:405:in `_run__4337841651842003698__call__4312370212864473243__callbacks'
  activesupport (3.2.6) lib/active_support/callbacks.rb:405:in `__run_callback'
  activesupport (3.2.6) lib/active_support/callbacks.rb:385:in `_run_call_callbacks'
  activesupport (3.2.6) lib/active_support/callbacks.rb:81:in `run_callbacks'
  actionpack (3.2.6) lib/action_dispatch/middleware/callbacks.rb:27:in `call'
  actionpack (3.2.6) lib/action_dispatch/middleware/reloader.rb:65:in `call'
  actionpack (3.2.6) lib/action_dispatch/middleware/remote_ip.rb:31:in `call'
  actionpack (3.2.6) lib/action_dispatch/middleware/debug_exceptions.rb:16:in `call'
  actionpack (3.2.6) lib/action_dispatch/middleware/show_exceptions.rb:56:in `call'
  railties (3.2.6) lib/rails/rack/logger.rb:26:in `call_app'
  railties (3.2.6) lib/rails/rack/logger.rb:16:in `call'
  actionpack (3.2.6) lib/action_dispatch/middleware/request_id.rb:22:in `call'
  rack (1.4.1) lib/rack/methodoverride.rb:21:in `call'
  rack (1.4.1) lib/rack/runtime.rb:17:in `call'
  activesupport (3.2.6) lib/active_support/cache/strategy/local_cache.rb:72:in `call'
  rack (1.4.1) lib/rack/lock.rb:15:in `call'
  actionpack (3.2.6) lib/action_dispatch/middleware/static.rb:62:in `call'
  railties (3.2.6) lib/rails/engine.rb:479:in `call'
  railties (3.2.6) lib/rails/application.rb:220:in `call'
  rack (1.4.1) lib/rack/content_length.rb:14:in `call'
  railties (3.2.6) lib/rails/rack/log_tailer.rb:17:in `call'
  rack (1.4.1) lib/rack/handler/webrick.rb:59:in `service'
  /Users/michaeltownsend/.rvm/rubies/ruby-1.9.3-p194/lib/ruby/1.9.1/webrick/httpserver.rb:138:in `service'
  /Users/michaeltownsend/.rvm/rubies/ruby-1.9.3-p194/lib/ruby/1.9.1/webrick/httpserver.rb:94:in `run'
  /Users/michaeltownsend/.rvm/rubies/ruby-1.9.3-p194/lib/ruby/1.9.1/webrick/server.rb:191:in `block in start_thread'


  Rendered /Users/michaeltownsend/.rvm/gems/ruby-1.9.3-p194/gems/actionpack-3.2.6/lib/action_dispatch/middleware/templates/rescues/_trace.erb (3.6ms)
  Rendered /Users/michaeltownsend/.rvm/gems/ruby-1.9.3-p194/gems/actionpack-3.2.6/lib/action_dispatch/middleware/templates/rescues/_request_and_response.erb (1.3ms)
  Rendered /Users/michaeltownsend/.rvm/gems/ruby-1.9.3-p194/gems/actionpack-3.2.6/lib/action_dispatch/middleware/templates/rescues/diagnostics.erb within rescues/layout (15.4ms)


Started GET "/rails/info/properties" for 127.0.0.1 at 2012-07-25 04:20:23 -0500

PG::Error (FATAL:  role "emptyapp" does not exist
):
  activerecord (3.2.6) lib/active_record/connection_adapters/postgresql_adapter.rb:1206:in `initialize'
  activerecord (3.2.6) lib/active_record/connection_adapters/postgresql_adapter.rb:1206:in `new'
  activerecord (3.2.6) lib/active_record/connection_adapters/postgresql_adapter.rb:1206:in `connect'
  activerecord (3.2.6) lib/active_record/connection_adapters/postgresql_adapter.rb:329:in `initialize'
  activerecord (3.2.6) lib/active_record/connection_adapters/postgresql_adapter.rb:28:in `new'
  activerecord (3.2.6) lib/active_record/connection_adapters/postgresql_adapter.rb:28:in `postgresql_connection'
  activerecord (3.2.6) lib/active_record/connection_adapters/abstract/connection_pool.rb:309:in `new_connection'
  activerecord (3.2.6) lib/active_record/connection_adapters/abstract/connection_pool.rb:319:in `checkout_new_connection'
  activerecord (3.2.6) lib/active_record/connection_adapters/abstract/connection_pool.rb:241:in `block (2 levels) in checkout'
  activerecord (3.2.6) lib/active_record/connection_adapters/abstract/connection_pool.rb:236:in `loop'
  activerecord (3.2.6) lib/active_record/connection_adapters/abstract/connection_pool.rb:236:in `block in checkout'
  /Users/michaeltownsend/.rvm/rubies/ruby-1.9.3-p194/lib/ruby/1.9.1/monitor.rb:211:in `mon_synchronize'
  activerecord (3.2.6) lib/active_record/connection_adapters/abstract/connection_pool.rb:233:in `checkout'
  activerecord (3.2.6) lib/active_record/connection_adapters/abstract/connection_pool.rb:96:in `block in connection'
  /Users/michaeltownsend/.rvm/rubies/ruby-1.9.3-p194/lib/ruby/1.9.1/monitor.rb:211:in `mon_synchronize'
  activerecord (3.2.6) lib/active_record/connection_adapters/abstract/connection_pool.rb:95:in `connection'
  activerecord (3.2.6) lib/active_record/connection_adapters/abstract/connection_pool.rb:404:in `retrieve_connection'
  activerecord (3.2.6) lib/active_record/connection_adapters/abstract/connection_specification.rb:168:in `retrieve_connection'
  activerecord (3.2.6) lib/active_record/connection_adapters/abstract/connection_specification.rb:142:in `connection'
  activerecord (3.2.6) lib/active_record/query_cache.rb:67:in `rescue in call'
  activerecord (3.2.6) lib/active_record/query_cache.rb:61:in `call'
  activerecord (3.2.6) lib/active_record/connection_adapters/abstract/connection_pool.rb:473:in `call'
  actionpack (3.2.6) lib/action_dispatch/middleware/callbacks.rb:28:in `block in call'
  activesupport (3.2.6) lib/active_support/callbacks.rb:405:in `_run__4337841651842003698__call__4312370212864473243__callbacks'
  activesupport (3.2.6) lib/active_support/callbacks.rb:405:in `__run_callback'
  activesupport (3.2.6) lib/active_support/callbacks.rb:385:in `_run_call_callbacks'
  activesupport (3.2.6) lib/active_support/callbacks.rb:81:in `run_callbacks'
  actionpack (3.2.6) lib/action_dispatch/middleware/callbacks.rb:27:in `call'
  actionpack (3.2.6) lib/action_dispatch/middleware/reloader.rb:65:in `call'
  actionpack (3.2.6) lib/action_dispatch/middleware/remote_ip.rb:31:in `call'
  actionpack (3.2.6) lib/action_dispatch/middleware/debug_exceptions.rb:16:in `call'
  actionpack (3.2.6) lib/action_dispatch/middleware/show_exceptions.rb:56:in `call'
  railties (3.2.6) lib/rails/rack/logger.rb:26:in `call_app'
  railties (3.2.6) lib/rails/rack/logger.rb:16:in `call'
  actionpack (3.2.6) lib/action_dispatch/middleware/request_id.rb:22:in `call'
  rack (1.4.1) lib/rack/methodoverride.rb:21:in `call'
  rack (1.4.1) lib/rack/runtime.rb:17:in `call'
  activesupport (3.2.6) lib/active_support/cache/strategy/local_cache.rb:72:in `call'
  rack (1.4.1) lib/rack/lock.rb:15:in `call'
  actionpack (3.2.6) lib/action_dispatch/middleware/static.rb:62:in `call'
  railties (3.2.6) lib/rails/engine.rb:479:in `call'
  railties (3.2.6) lib/rails/application.rb:220:in `call'
  rack (1.4.1) lib/rack/content_length.rb:14:in `call'
  railties (3.2.6) lib/rails/rack/log_tailer.rb:17:in `call'
  rack (1.4.1) lib/rack/handler/webrick.rb:59:in `service'
  /Users/michaeltownsend/.rvm/rubies/ruby-1.9.3-p194/lib/ruby/1.9.1/webrick/httpserver.rb:138:in `service'
  /Users/michaeltownsend/.rvm/rubies/ruby-1.9.3-p194/lib/ruby/1.9.1/webrick/httpserver.rb:94:in `run'
  /Users/michaeltownsend/.rvm/rubies/ruby-1.9.3-p194/lib/ruby/1.9.1/webrick/server.rb:191:in `block in start_thread'


  Rendered /Users/michaeltownsend/.rvm/gems/ruby-1.9.3-p194/gems/actionpack-3.2.6/lib/action_dispatch/middleware/templates/rescues/_trace.erb (3.5ms)
  Rendered /Users/michaeltownsend/.rvm/gems/ruby-1.9.3-p194/gems/actionpack-3.2.6/lib/action_dispatch/middleware/templates/rescues/_request_and_response.erb (1.2ms)
  Rendered /Users/michaeltownsend/.rvm/gems/ruby-1.9.3-p194/gems/actionpack-3.2.6/lib/action_dispatch/middleware/templates/rescues/diagnostics.erb within rescues/layout (13.8ms)
Connecting to database specified by database.yml
  [1m[36m (26.6ms)[0m  [1mCREATE TABLE "schema_migrations" ("version" character varying(255) NOT NULL) [0m
  [1m[35m (11.9ms)[0m   SELECT distinct i.relname, d.indisunique, d.indkey, pg_get_indexdef(d.indexrelid), t.oid
 FROM pg_class t
 INNER JOIN pg_index d ON t.oid = d.indrelid
 INNER JOIN pg_class i ON d.indexrelid = i.oid
 WHERE i.relkind = 'i'
 AND d.indisprimary = 'f'
 AND t.relname = 'schema_migrations'
 AND i.relnamespace IN (SELECT oid FROM pg_namespace WHERE nspname = ANY (current_schemas(false)) )
 ORDER BY i.relname

  [1m[36m (4.5ms)[0m  [1mCREATE UNIQUE INDEX "unique_schema_migrations" ON "schema_migrations" ("version")[0m
  [1m[35m (0.8ms)[0m  SELECT "schema_migrations"."version" FROM "schema_migrations" 
Migrating to CreatePosts (20120725091716)
  [1m[36m (0.1ms)[0m  [1mBEGIN[0m
  [1m[35m (20.1ms)[0m  CREATE TABLE "posts" ("id" serial primary key, "title" character varying(255), "author" character varying(255), "created_at" timestamp NOT NULL, "updated_at" timestamp NOT NULL) 
  [1m[36m (0.7ms)[0m  [1mINSERT INTO "schema_migrations" ("version") VALUES ('20120725091716')[0m
  [1m[35m (0.9ms)[0m  COMMIT
  [1m[36m (0.4ms)[0m  [1mSELECT "schema_migrations"."version" FROM "schema_migrations" [0m
  [1m[35mPK and serial sequence (11.1ms)[0m   SELECT attr.attname, seq.relname
 FROM pg_class seq,
 pg_attribute attr,
 pg_depend dep,
 pg_namespace name,
 pg_constraint cons
 WHERE seq.oid = dep.objid
 AND seq.relkind = 'S'
 AND attr.attrelid = dep.refobjid
 AND attr.attnum = dep.refobjsubid
 AND attr.attrelid = cons.conrelid
 AND attr.attnum = cons.conkey[1]
 AND cons.contype = 'p'
 AND dep.refobjid = '"posts"'::regclass

  [1m[36m (3.1ms)[0m  [1m SELECT distinct i.relname, d.indisunique, d.indkey, pg_get_indexdef(d.indexrelid), t.oid
 FROM pg_class t
 INNER JOIN pg_index d ON t.oid = d.indrelid
 INNER JOIN pg_class i ON d.indexrelid = i.oid
 WHERE i.relkind = 'i'
 AND d.indisprimary = 'f'
 AND t.relname = 'posts'
 AND i.relnamespace IN (SELECT oid FROM pg_namespace WHERE nspname = ANY (current_schemas(false)) )
 ORDER BY i.relname
[0m


Started GET "/assets/rails.png" for 127.0.0.1 at 2012-07-25 04:23:06 -0500
Connecting to database specified by database.yml
Served asset /rails.png - 200 OK (41ms)


Started GET "/posts" for 127.0.0.1 at 2012-07-25 04:23:12 -0500
Processing by PostsController#index as HTML
  [1m[36mPost Load (0.5ms)[0m  [1mSELECT "posts".* FROM "posts" [0m
  Rendered posts/index.html.erb within layouts/application (3.9ms)
Compiled posts.css  (12ms)  (pid 37519)
Compiled scaffolds.css  (17ms)  (pid 37519)
Compiled application.css  (50ms)  (pid 37519)
Compiled jquery.js  (3ms)  (pid 37519)
Compiled jquery_ujs.js  (0ms)  (pid 37519)
Compiled posts.js  (727ms)  (pid 37519)
Compiled application.js  (837ms)  (pid 37519)
Completed 200 OK in 1319ms (Views: 1252.9ms | ActiveRecord: 22.7ms)


Started GET "/assets/posts.css?body=1" for 127.0.0.1 at 2012-07-25 04:23:13 -0500
Served asset /posts.css - 200 OK (2ms)


Started GET "/assets/scaffolds.css?body=1" for 127.0.0.1 at 2012-07-25 04:23:13 -0500
Served asset /scaffolds.css - 200 OK (4ms)


Started GET "/assets/jquery.js?body=1" for 127.0.0.1 at 2012-07-25 04:23:13 -0500
Served asset /jquery.js - 200 OK (4ms)


Started GET "/assets/application.js?body=1" for 127.0.0.1 at 2012-07-25 04:23:13 -0500
Served asset /application.js - 200 OK (9ms)


Started GET "/assets/jquery_ujs.js?body=1" for 127.0.0.1 at 2012-07-25 04:23:13 -0500
Served asset /jquery_ujs.js - 200 OK (5ms)


Started GET "/assets/posts.js?body=1" for 127.0.0.1 at 2012-07-25 04:23:13 -0500
Served asset /posts.js - 200 OK (2ms)


Started GET "/assets/application.css?body=1" for 127.0.0.1 at 2012-07-25 04:23:13 -0500
Served asset /application.css - 200 OK (5ms)


Started GET "/posts" for 127.0.0.1 at 2012-07-25 14:28:56 -0500
Connecting to database specified by database.yml
Processing by PostsController#index as HTML
  [1m[36mPost Load (1.7ms)[0m  [1mSELECT "posts".* FROM "posts" [0m
  Rendered posts/index.html.erb within layouts/application (20.0ms)
Completed 200 OK in 235ms (Views: 88.1ms | ActiveRecord: 120.7ms)


Started GET "/assets/application.css?body=1" for 127.0.0.1 at 2012-07-25 14:28:57 -0500
Served asset /application.css - 200 OK (4ms)


Started GET "/assets/posts.css?body=1" for 127.0.0.1 at 2012-07-25 14:28:57 -0500
Served asset /posts.css - 200 OK (2ms)


Started GET "/assets/application.js?body=1" for 127.0.0.1 at 2012-07-25 14:28:57 -0500
Served asset /application.js - 200 OK (42ms)


Started GET "/assets/scaffolds.css?body=1" for 127.0.0.1 at 2012-07-25 14:28:57 -0500
Served asset /scaffolds.css - 200 OK (2ms)


Started GET "/assets/jquery.js?body=1" for 127.0.0.1 at 2012-07-25 14:28:57 -0500
Served asset /jquery.js - 200 OK (3ms)


Started GET "/assets/posts.js?body=1" for 127.0.0.1 at 2012-07-25 14:28:57 -0500
Served asset /posts.js - 200 OK (12ms)


Started GET "/assets/jquery_ujs.js?body=1" for 127.0.0.1 at 2012-07-25 14:28:57 -0500
Served asset /jquery_ujs.js - 200 OK (33ms)


Started GET "/posts/new" for 127.0.0.1 at 2012-07-25 14:29:00 -0500
Processing by PostsController#new as HTML
  Rendered posts/_form.html.erb (12.4ms)
  Rendered posts/new.html.erb within layouts/application (18.4ms)
Completed 200 OK in 33ms (Views: 25.5ms | ActiveRecord: 0.0ms)


Started GET "/assets/jquery.js?body=1" for 127.0.0.1 at 2012-07-25 14:29:00 -0500
Served asset /jquery.js - 304 Not Modified (0ms)


Started POST "/posts" for 127.0.0.1 at 2012-07-25 14:29:04 -0500
Processing by PostsController#create as HTML
  Parameters: {"utf8"=>"✓", "authenticity_token"=>"y8H7mcvo3FncrBg74DbjIOvE47MmTw1G/aeHx9euejI=", "post"=>{"title"=>"tester", "author"=>"me"}, "commit"=>"Create Post"}
  [1m[35m (0.4ms)[0m  BEGIN
  [1m[36mSQL (56.2ms)[0m  [1mINSERT INTO "posts" ("author", "created_at", "title", "updated_at") VALUES ($1, $2, $3, $4) RETURNING "id"[0m  [["author", "me"], ["created_at", Wed, 25 Jul 2012 19:29:04 UTC +00:00], ["title", "tester"], ["updated_at", Wed, 25 Jul 2012 19:29:04 UTC +00:00]]
  [1m[35m (0.8ms)[0m  COMMIT
Redirected to http://localhost:3000/posts/1
Completed 302 Found in 66ms (ActiveRecord: 57.4ms)


Started GET "/posts/1" for 127.0.0.1 at 2012-07-25 14:29:04 -0500
Processing by PostsController#show as HTML
  Parameters: {"id"=>"1"}
  [1m[36mPost Load (1.6ms)[0m  [1mSELECT "posts".* FROM "posts" WHERE "posts"."id" = $1 LIMIT 1[0m  [["id", "1"]]
  Rendered posts/show.html.erb within layouts/application (1.6ms)
Completed 200 OK in 13ms (Views: 8.7ms | ActiveRecord: 1.6ms)


Started GET "/assets/jquery.js?body=1" for 127.0.0.1 at 2012-07-25 14:29:04 -0500
Served asset /jquery.js - 304 Not Modified (0ms)


Started GET "/posts/1/edit" for 127.0.0.1 at 2012-07-25 14:29:13 -0500
Processing by PostsController#edit as HTML
  Parameters: {"id"=>"1"}
  [1m[35mPost Load (0.3ms)[0m  SELECT "posts".* FROM "posts" WHERE "posts"."id" = $1 LIMIT 1  [["id", "1"]]
  Rendered posts/_form.html.erb (3.8ms)
  Rendered posts/edit.html.erb within layouts/application (6.3ms)
Completed 200 OK in 15ms (Views: 13.3ms | ActiveRecord: 0.3ms)


Started GET "/assets/jquery.js?body=1" for 127.0.0.1 at 2012-07-25 14:29:13 -0500
Served asset /jquery.js - 304 Not Modified (0ms)


Started PUT "/posts/1" for 127.0.0.1 at 2012-07-25 14:30:00 -0500
Processing by PostsController#update as HTML
  Parameters: {"utf8"=>"✓", "authenticity_token"=>"y8H7mcvo3FncrBg74DbjIOvE47MmTw1G/aeHx9euejI=", "post"=>{"title"=>"tester", "author"=>"me too"}, "commit"=>"Update Post", "id"=>"1"}
  [1m[36mPost Load (0.3ms)[0m  [1mSELECT "posts".* FROM "posts" WHERE "posts"."id" = $1 LIMIT 1[0m  [["id", "1"]]
  [1m[35m (0.1ms)[0m  BEGIN
  [1m[36m (2.5ms)[0m  [1mUPDATE "posts" SET "author" = 'me too', "updated_at" = '2012-07-25 19:30:00.738016' WHERE "posts"."id" = 1[0m
  [1m[35m (1.5ms)[0m  COMMIT
Redirected to http://localhost:3000/posts/1
Completed 302 Found in 10ms (ActiveRecord: 4.4ms)


Started GET "/posts/1" for 127.0.0.1 at 2012-07-25 14:30:00 -0500
Processing by PostsController#show as HTML
  Parameters: {"id"=>"1"}
  [1m[36mPost Load (0.3ms)[0m  [1mSELECT "posts".* FROM "posts" WHERE "posts"."id" = $1 LIMIT 1[0m  [["id", "1"]]
  Rendered posts/show.html.erb within layouts/application (0.8ms)
Completed 200 OK in 9ms (Views: 7.4ms | ActiveRecord: 0.3ms)


Started GET "/assets/jquery.js?body=1" for 127.0.0.1 at 2012-07-25 14:30:00 -0500
Served asset /jquery.js - 304 Not Modified (0ms)


Started GET "/posts" for 127.0.0.1 at 2012-07-25 14:30:51 -0500
Processing by PostsController#index as HTML
  [1m[35mPost Load (0.7ms)[0m  SELECT "posts".* FROM "posts" 
  Rendered posts/index.html.erb within layouts/application (1.9ms)
Completed 200 OK in 22ms (Views: 9.7ms | ActiveRecord: 0.7ms)


Started GET "/assets/jquery.js?body=1" for 127.0.0.1 at 2012-07-25 14:30:51 -0500
Served asset /jquery.js - 304 Not Modified (0ms)


Started GET "/posts/new" for 127.0.0.1 at 2012-07-25 14:30:58 -0500
Processing by PostsController#new as HTML
  Rendered posts/_form.html.erb (4.2ms)
  Rendered posts/new.html.erb within layouts/application (9.8ms)
Completed 200 OK in 17ms (Views: 16.2ms | ActiveRecord: 0.0ms)


Started GET "/assets/jquery.js?body=1" for 127.0.0.1 at 2012-07-25 14:30:58 -0500
Served asset /jquery.js - 304 Not Modified (0ms)


Started POST "/posts" for 127.0.0.1 at 2012-07-25 14:31:04 -0500
Processing by PostsController#create as HTML
  Parameters: {"utf8"=>"✓", "authenticity_token"=>"y8H7mcvo3FncrBg74DbjIOvE47MmTw1G/aeHx9euejI=", "post"=>{"title"=>"test me ", "author"=>"yea baby"}, "commit"=>"Create Post"}
  [1m[36m (0.2ms)[0m  [1mBEGIN[0m
  [1m[35mSQL (0.6ms)[0m  INSERT INTO "posts" ("author", "created_at", "title", "updated_at") VALUES ($1, $2, $3, $4) RETURNING "id"  [["author", "yea baby"], ["created_at", Wed, 25 Jul 2012 19:31:04 UTC +00:00], ["title", "test me "], ["updated_at", Wed, 25 Jul 2012 19:31:04 UTC +00:00]]
  [1m[36m (0.5ms)[0m  [1mCOMMIT[0m
Redirected to http://localhost:3000/posts/2
Completed 302 Found in 7ms (ActiveRecord: 1.3ms)


Started GET "/posts/2" for 127.0.0.1 at 2012-07-25 14:31:04 -0500
Processing by PostsController#show as HTML
  Parameters: {"id"=>"2"}
  [1m[35mPost Load (0.3ms)[0m  SELECT "posts".* FROM "posts" WHERE "posts"."id" = $1 LIMIT 1  [["id", "2"]]
  Rendered posts/show.html.erb within layouts/application (1.0ms)
Completed 200 OK in 52ms (Views: 51.2ms | ActiveRecord: 0.3ms)


Started GET "/assets/jquery.js?body=1" for 127.0.0.1 at 2012-07-25 14:31:04 -0500
Served asset /jquery.js - 304 Not Modified (0ms)


Started GET "/posts" for 127.0.0.1 at 2012-07-25 14:35:38 -0500
Processing by PostsController#index as HTML
  [1m[36mPost Load (0.3ms)[0m  [1mSELECT "posts".* FROM "posts" [0m
  Rendered posts/index.html.erb within layouts/application (3.1ms)
Completed 200 OK in 12ms (Views: 10.9ms | ActiveRecord: 0.3ms)


Started GET "/assets/jquery.js?body=1" for 127.0.0.1 at 2012-07-25 14:35:38 -0500
Served asset /jquery.js - 304 Not Modified (0ms)


Started GET "/assets/rails.png" for 127.0.0.1 at 2012-07-25 14:35:57 -0500
Served asset /rails.png - 200 OK (3ms)


Started GET "/assets/rails.png" for 127.0.0.1 at 2012-07-25 21:06:48 -0500
Connecting to database specified by database.yml
Served asset /rails.png - 304 Not Modified (6ms)


Started GET "/posts" for 127.0.0.1 at 2012-07-25 21:06:52 -0500
Processing by PostsController#index as HTML
  [1m[36mPost Load (7.4ms)[0m  [1mSELECT "posts".* FROM "posts" [0m
  Rendered posts/index.html.erb within layouts/application (10.6ms)
Completed 200 OK in 501ms (Views: 280.4ms | ActiveRecord: 104.3ms)


Started GET "/assets/application.css?body=1" for 127.0.0.1 at 2012-07-25 21:06:53 -0500
Served asset /application.css - 304 Not Modified (6ms)


Started GET "/assets/scaffolds.css?body=1" for 127.0.0.1 at 2012-07-25 21:06:53 -0500
Served asset /scaffolds.css - 304 Not Modified (2ms)


Started GET "/assets/posts.css?body=1" for 127.0.0.1 at 2012-07-25 21:06:53 -0500
Served asset /posts.css - 304 Not Modified (2ms)


Started GET "/assets/application.js?body=1" for 127.0.0.1 at 2012-07-25 21:06:53 -0500
Served asset /application.js - 304 Not Modified (13ms)


Started GET "/assets/jquery.js?body=1" for 127.0.0.1 at 2012-07-25 21:06:53 -0500
Served asset /jquery.js - 304 Not Modified (3ms)


Started GET "/assets/jquery_ujs.js?body=1" for 127.0.0.1 at 2012-07-25 21:06:53 -0500
Served asset /jquery_ujs.js - 304 Not Modified (7ms)


Started GET "/assets/posts.js?body=1" for 127.0.0.1 at 2012-07-25 21:06:53 -0500
Served asset /posts.js - 304 Not Modified (1ms)


Started GET "/posts" for 127.0.0.1 at 2012-07-25 23:21:32 -0500
Connecting to database specified by database.yml
Processing by PostsController#index as HTML
  [1m[36mPost Load (1.9ms)[0m  [1mSELECT "posts".* FROM "posts" [0m
  Rendered posts/index.html.erb within layouts/application (7.0ms)
Completed 200 OK in 239ms (Views: 122.0ms | ActiveRecord: 51.3ms)


Started GET "/assets/application.css?body=1" for 127.0.0.1 at 2012-07-25 23:21:32 -0500
Served asset /application.css - 304 Not Modified (5ms)


Started GET "/assets/scaffolds.css?body=1" for 127.0.0.1 at 2012-07-25 23:21:32 -0500
Served asset /scaffolds.css - 304 Not Modified (2ms)


Started GET "/assets/posts.css?body=1" for 127.0.0.1 at 2012-07-25 23:21:32 -0500
Served asset /posts.css - 304 Not Modified (2ms)


Started GET "/assets/application.js?body=1" for 127.0.0.1 at 2012-07-25 23:21:33 -0500
Served asset /application.js - 304 Not Modified (13ms)


Started GET "/assets/posts.js?body=1" for 127.0.0.1 at 2012-07-25 23:21:33 -0500
Served asset /posts.js - 304 Not Modified (2ms)


Started GET "/assets/jquery.js?body=1" for 127.0.0.1 at 2012-07-25 23:21:33 -0500
Served asset /jquery.js - 304 Not Modified (4ms)


Started GET "/assets/jquery_ujs.js?body=1" for 127.0.0.1 at 2012-07-25 23:21:33 -0500
Served asset /jquery_ujs.js - 304 Not Modified (3ms)


Started GET "/rails/info/properties" for 127.0.0.1 at 2012-07-25 23:22:03 -0500
  [1m[35m (3.3ms)[0m  SELECT "schema_migrations"."version" FROM "schema_migrations" 
Processing by Rails::InfoController#properties as */*
  Rendered inline template (1.7ms)
Completed 200 OK in 9ms (Views: 6.8ms | ActiveRecord: 0.0ms)
Connecting to database specified by database.yml
  [1m[36m (0.3ms)[0m  [1mSELECT "schema_migrations"."version" FROM "schema_migrations" [0m
Migrating to CreatePosts (20120725091716)
  [1m[35m (0.3ms)[0m  SELECT "schema_migrations"."version" FROM "schema_migrations" 
  [1m[36mPK and serial sequence (7.4ms)[0m  [1m SELECT attr.attname, seq.relname
 FROM pg_class seq,
 pg_attribute attr,
 pg_depend dep,
 pg_namespace name,
 pg_constraint cons
 WHERE seq.oid = dep.objid
 AND seq.relkind = 'S'
 AND attr.attrelid = dep.refobjid
 AND attr.attnum = dep.refobjsubid
 AND attr.attrelid = cons.conrelid
 AND attr.attnum = cons.conkey[1]
 AND cons.contype = 'p'
 AND dep.refobjid = '"posts"'::regclass
[0m
  [1m[35m (8.7ms)[0m   SELECT distinct i.relname, d.indisunique, d.indkey, pg_get_indexdef(d.indexrelid), t.oid
 FROM pg_class t
 INNER JOIN pg_index d ON t.oid = d.indrelid
 INNER JOIN pg_class i ON d.indexrelid = i.oid
 WHERE i.relkind = 'i'
 AND d.indisprimary = 'f'
 AND t.relname = 'posts'
 AND i.relnamespace IN (SELECT oid FROM pg_namespace WHERE nspname = ANY (current_schemas(false)) )
 ORDER BY i.relname



Started GET "/assets/rails.png" for 127.0.0.1 at 2012-07-25 23:22:31 -0500
Connecting to database specified by database.yml
Served asset /rails.png - 304 Not Modified (3ms)


Started GET "/rails/info/properties" for 127.0.0.1 at 2012-07-25 23:22:33 -0500
  [1m[36m (0.4ms)[0m  [1mSELECT "schema_migrations"."version" FROM "schema_migrations" [0m
Processing by Rails::InfoController#properties as */*
  Rendered inline template (2.6ms)
Completed 200 OK in 13ms (Views: 12.4ms | ActiveRecord: 0.0ms)
